2014-02-28 22:40:59.700:INFO:oejs.Server:jetty-8.1.2.v20120308
2014-02-28 22:40:59.724:INFO:oejdp.ScanningAppProvider:Deployment monitor /home/dario/prototipo/busca/jetty/contexts at interval 0
2014-02-28 22:40:59.729:INFO:oejd.DeploymentManager:Deployable added: /home/dario/prototipo/busca/jetty/contexts/solr.xml
2014-02-28 22:41:00.515:INFO:oejw.StandardDescriptorProcessor:NO JSP Support for /solr, did not find org.apache.jasper.servlet.JspServlet
2014-02-28 22:41:00.544:INFO:oejsh.ContextHandler:started o.e.j.w.WebAppContext{/solr,file:/home/dario/prototipo/busca/jetty/solr-webapp/webapp/},/home/dario/prototipo/busca/jetty/webapps/solr.war
2014-02-28 22:41:00.544:INFO:oejsh.ContextHandler:started o.e.j.w.WebAppContext{/solr,file:/home/dario/prototipo/busca/jetty/solr-webapp/webapp/},/home/dario/prototipo/busca/jetty/webapps/solr.war
Feb 28, 2014 10:41:00 PM org.apache.solr.core.SolrResourceLoader locateSolrHome
INFO: JNDI not configured for solr (NoInitialContextEx)
Feb 28, 2014 10:41:00 PM org.apache.solr.core.SolrResourceLoader locateSolrHome
INFO: solr home defaulted to 'solr/' (could not find system property or JNDI)
Feb 28, 2014 10:41:00 PM org.apache.solr.core.SolrResourceLoader <init>
INFO: new SolrResourceLoader for deduced Solr Home: 'solr/'
Feb 28, 2014 10:41:00 PM org.apache.solr.core.SolrResourceLoader replaceClassLoader
INFO: Adding 'file:/home/dario/prototipo/busca/jetty/solr/lib/apache-solr-langid-4.0.0.jar' to classloader
Feb 28, 2014 10:41:00 PM org.apache.solr.core.SolrResourceLoader replaceClassLoader
INFO: Adding 'file:/home/dario/prototipo/busca/jetty/solr/lib/apache-solr-analysis-extras-4.0.0.jar' to classloader
Feb 28, 2014 10:41:00 PM org.apache.solr.core.SolrResourceLoader replaceClassLoader
INFO: Adding 'file:/home/dario/prototipo/busca/jetty/solr/lib/apache-solr-clustering-4.0.0.jar' to classloader
Feb 28, 2014 10:41:00 PM org.apache.solr.core.SolrResourceLoader replaceClassLoader
INFO: Adding 'file:/home/dario/prototipo/busca/jetty/solr/lib/contrib/' to classloader
Feb 28, 2014 10:41:00 PM org.apache.solr.servlet.SolrDispatchFilter init
INFO: SolrDispatchFilter.init()
Feb 28, 2014 10:41:00 PM org.apache.solr.core.SolrResourceLoader locateSolrHome
INFO: JNDI not configured for solr (NoInitialContextEx)
Feb 28, 2014 10:41:00 PM org.apache.solr.core.SolrResourceLoader locateSolrHome
INFO: solr home defaulted to 'solr/' (could not find system property or JNDI)
Feb 28, 2014 10:41:00 PM org.apache.solr.core.CoreContainer$Initializer initialize
INFO: looking for solr.xml: /home/dario/prototipo/busca/jetty/solr/solr.xml
Feb 28, 2014 10:41:00 PM org.apache.solr.core.CoreContainer <init>
INFO: New CoreContainer 1556425826
Feb 28, 2014 10:41:00 PM org.apache.solr.core.CoreContainer load
INFO: Loading CoreContainer using Solr Home: 'solr/'
Feb 28, 2014 10:41:00 PM org.apache.solr.core.SolrResourceLoader <init>
INFO: new SolrResourceLoader for directory: 'solr/'
Feb 28, 2014 10:41:00 PM org.apache.solr.core.SolrResourceLoader replaceClassLoader
INFO: Adding 'file:/home/dario/prototipo/busca/jetty/solr/lib/apache-solr-langid-4.0.0.jar' to classloader
Feb 28, 2014 10:41:00 PM org.apache.solr.core.SolrResourceLoader replaceClassLoader
INFO: Adding 'file:/home/dario/prototipo/busca/jetty/solr/lib/apache-solr-analysis-extras-4.0.0.jar' to classloader
Feb 28, 2014 10:41:00 PM org.apache.solr.core.SolrResourceLoader replaceClassLoader
INFO: Adding 'file:/home/dario/prototipo/busca/jetty/solr/lib/apache-solr-clustering-4.0.0.jar' to classloader
Feb 28, 2014 10:41:00 PM org.apache.solr.core.SolrResourceLoader replaceClassLoader
INFO: Adding 'file:/home/dario/prototipo/busca/jetty/solr/lib/contrib/' to classloader
Feb 28, 2014 10:41:00 PM org.apache.solr.core.CoreContainer load
INFO: Registering Log Listener
Feb 28, 2014 10:41:00 PM org.apache.solr.core.CoreContainer load
INFO: loading shared library: /home/dario/prototipo/busca/jetty/solr/lib
Feb 28, 2014 10:41:00 PM org.apache.solr.core.SolrResourceLoader replaceClassLoader
INFO: Adding 'file:/home/dario/prototipo/busca/jetty/solr/lib/apache-solr-langid-4.0.0.jar' to classloader
Feb 28, 2014 10:41:00 PM org.apache.solr.core.SolrResourceLoader replaceClassLoader
INFO: Adding 'file:/home/dario/prototipo/busca/jetty/solr/lib/apache-solr-analysis-extras-4.0.0.jar' to classloader
Feb 28, 2014 10:41:00 PM org.apache.solr.core.SolrResourceLoader replaceClassLoader
INFO: Adding 'file:/home/dario/prototipo/busca/jetty/solr/lib/apache-solr-clustering-4.0.0.jar' to classloader
Feb 28, 2014 10:41:00 PM org.apache.solr.core.SolrResourceLoader replaceClassLoader
INFO: Adding 'file:/home/dario/prototipo/busca/jetty/solr/lib/contrib/' to classloader
Feb 28, 2014 10:41:00 PM org.apache.solr.core.CoreContainer create
INFO: Creating SolrCore 'blacklight-core' using instanceDir: solr/blacklight-core
Feb 28, 2014 10:41:00 PM org.apache.solr.core.SolrResourceLoader <init>
INFO: new SolrResourceLoader for directory: 'solr/blacklight-core/'
Feb 28, 2014 10:41:00 PM org.apache.solr.core.SolrConfig initLibs
INFO: Adding specified lib dirs to ClassLoader
Feb 28, 2014 10:41:00 PM org.apache.solr.core.SolrResourceLoader replaceClassLoader
INFO: Adding 'file:/home/dario/prototipo/busca/jetty/solr/lib/contrib/analysis-extras/lib/icu4j-49.1.jar' to classloader
Feb 28, 2014 10:41:00 PM org.apache.solr.core.SolrResourceLoader replaceClassLoader
INFO: Adding 'file:/home/dario/prototipo/busca/jetty/solr/lib/contrib/analysis-extras/lib/morfologik-fsa-1.5.3.jar' to classloader
Feb 28, 2014 10:41:00 PM org.apache.solr.core.SolrResourceLoader replaceClassLoader
INFO: Adding 'file:/home/dario/prototipo/busca/jetty/solr/lib/contrib/analysis-extras/lib/morfologik-stemming-1.5.3.jar' to classloader
Feb 28, 2014 10:41:00 PM org.apache.solr.core.SolrResourceLoader replaceClassLoader
INFO: Adding 'file:/home/dario/prototipo/busca/jetty/solr/lib/contrib/analysis-extras/lib/morfologik-polish-1.5.3.jar' to classloader
Feb 28, 2014 10:41:00 PM org.apache.solr.core.SolrResourceLoader replaceClassLoader
INFO: Adding 'file:/home/dario/prototipo/busca/jetty/solr/lib/contrib/analysis-extras/lucene-libs/lucene-analyzers-morfologik-4.0.0.jar' to classloader
Feb 28, 2014 10:41:00 PM org.apache.solr.core.SolrResourceLoader replaceClassLoader
INFO: Adding 'file:/home/dario/prototipo/busca/jetty/solr/lib/contrib/analysis-extras/lucene-libs/lucene-analyzers-smartcn-4.0.0.jar' to classloader
Feb 28, 2014 10:41:00 PM org.apache.solr.core.SolrResourceLoader replaceClassLoader
INFO: Adding 'file:/home/dario/prototipo/busca/jetty/solr/lib/contrib/analysis-extras/lucene-libs/lucene-analyzers-stempel-4.0.0.jar' to classloader
Feb 28, 2014 10:41:00 PM org.apache.solr.core.SolrResourceLoader replaceClassLoader
INFO: Adding 'file:/home/dario/prototipo/busca/jetty/solr/lib/contrib/analysis-extras/lucene-libs/lucene-analyzers-icu-4.0.0.jar' to classloader
Feb 28, 2014 10:41:01 PM org.apache.solr.core.SolrConfig <init>
INFO: Using Lucene MatchVersion: LUCENE_40
Feb 28, 2014 10:41:01 PM org.apache.solr.core.SolrConfig <init>
INFO: Loaded SolrConfig: solrconfig.xml
Feb 28, 2014 10:41:01 PM org.apache.solr.schema.IndexSchema readSchema
INFO: Reading Solr Schema
Feb 28, 2014 10:41:01 PM org.apache.solr.schema.IndexSchema readSchema
INFO: Schema name=Blacklight Demo Index
Feb 28, 2014 10:41:01 PM org.apache.solr.schema.IndexSchema readSchema
INFO: default search field in schema is text
Feb 28, 2014 10:41:01 PM org.apache.solr.schema.IndexSchema readSchema
INFO: query parser default operator is OR
Feb 28, 2014 10:41:01 PM org.apache.solr.schema.IndexSchema readSchema
INFO: unique key field: id
Feb 28, 2014 10:41:01 PM org.apache.solr.core.SolrCore <init>
INFO: [blacklight-core] Opening new SolrCore at solr/blacklight-core/, dataDir=solr/blacklight-core/data/
Feb 28, 2014 10:41:01 PM org.apache.solr.core.SolrCore <init>
INFO: JMX monitoring not detected for core: blacklight-core
Feb 28, 2014 10:41:01 PM org.apache.solr.core.SolrCore getNewIndexDir
WARNING: New index directory detected: old=null new=solr/blacklight-core/data/index/
Feb 28, 2014 10:41:01 PM org.apache.solr.core.CachingDirectoryFactory get
INFO: return new directory for /home/dario/prototipo/busca/jetty/solr/blacklight-core/data/index forceNew:false
Feb 28, 2014 10:41:01 PM org.apache.solr.core.RequestHandlers initHandlersFromConfig
INFO: adding lazy requestHandler: solr.ReplicationHandler
Feb 28, 2014 10:41:01 PM org.apache.solr.core.RequestHandlers initHandlersFromConfig
INFO: created /replication: solr.ReplicationHandler
Feb 28, 2014 10:41:01 PM org.apache.solr.core.RequestHandlers initHandlersFromConfig
INFO: created /update: solr.UpdateRequestHandler
Feb 28, 2014 10:41:01 PM org.apache.solr.core.RequestHandlers initHandlersFromConfig
INFO: created /update/json: solr.JsonUpdateRequestHandler
Feb 28, 2014 10:41:01 PM org.apache.solr.core.RequestHandlers initHandlersFromConfig
INFO: created standard: solr.StandardRequestHandler
Feb 28, 2014 10:41:01 PM org.apache.solr.core.RequestHandlers initHandlersFromConfig
INFO: adding lazy requestHandler: solr.FieldAnalysisRequestHandler
Feb 28, 2014 10:41:01 PM org.apache.solr.core.RequestHandlers initHandlersFromConfig
INFO: created /analysis/field: solr.FieldAnalysisRequestHandler
Feb 28, 2014 10:41:01 PM org.apache.solr.core.RequestHandlers initHandlersFromConfig
WARNING: Multiple requestHandler registered to the same name: /update ignoring: org.apache.solr.handler.UpdateRequestHandler
Feb 28, 2014 10:41:01 PM org.apache.solr.core.RequestHandlers initHandlersFromConfig
INFO: created /update: solr.UpdateRequestHandler
Feb 28, 2014 10:41:01 PM org.apache.solr.core.RequestHandlers initHandlersFromConfig
INFO: created /admin/: org.apache.solr.handler.admin.AdminHandlers
Feb 28, 2014 10:41:01 PM org.apache.solr.core.RequestHandlers initHandlersFromConfig
INFO: created /admin/ping: solr.PingRequestHandler
Feb 28, 2014 10:41:01 PM org.apache.solr.core.RequestHandlers initHandlersFromConfig
INFO: created search: solr.SearchHandler
Feb 28, 2014 10:41:01 PM org.apache.solr.core.RequestHandlers initHandlersFromConfig
INFO: created document: solr.SearchHandler
Feb 28, 2014 10:41:01 PM org.apache.solr.core.RequestHandlers initHandlersFromConfig
INFO: created advanced: solr.SearchHandler
Feb 28, 2014 10:41:01 PM org.apache.solr.handler.loader.XMLLoader init
INFO: xsltCacheLifetimeSeconds=60
Feb 28, 2014 10:41:01 PM org.apache.solr.handler.loader.XMLLoader init
INFO: xsltCacheLifetimeSeconds=60
Feb 28, 2014 10:41:01 PM org.apache.solr.handler.loader.XMLLoader init
INFO: xsltCacheLifetimeSeconds=60
Feb 28, 2014 10:41:02 PM org.apache.solr.search.SolrIndexSearcher <init>
INFO: Opening Searcher@294c3c66 main
Feb 28, 2014 10:41:02 PM org.apache.solr.update.CommitTracker <init>
INFO: Hard AutoCommit: disabled
Feb 28, 2014 10:41:02 PM org.apache.solr.update.CommitTracker <init>
INFO: Soft AutoCommit: disabled
Feb 28, 2014 10:41:02 PM org.apache.solr.handler.component.SpellCheckComponent inform
INFO: Initializing spell checkers
Feb 28, 2014 10:41:02 PM org.apache.solr.handler.component.SpellCheckComponent inform
INFO: Registering newSearcher listener for spellchecker: default
Feb 28, 2014 10:41:02 PM org.apache.solr.handler.component.SpellCheckComponent inform
INFO: Registering newSearcher listener for spellchecker: author
Feb 28, 2014 10:41:02 PM org.apache.solr.handler.component.SpellCheckComponent inform
INFO: Registering newSearcher listener for spellchecker: subject
Feb 28, 2014 10:41:02 PM org.apache.solr.handler.component.SpellCheckComponent inform
INFO: Registering newSearcher listener for spellchecker: title
Feb 28, 2014 10:41:02 PM org.apache.solr.handler.component.SpellCheckComponent inform
INFO: No queryConverter defined, using default converter
Feb 28, 2014 10:41:02 PM org.apache.solr.handler.component.HttpShardHandlerFactory getParameter
INFO: Setting socketTimeout to: 0
Feb 28, 2014 10:41:02 PM org.apache.solr.handler.component.HttpShardHandlerFactory getParameter
INFO: Setting urlScheme to: http://
Feb 28, 2014 10:41:02 PM org.apache.solr.handler.component.HttpShardHandlerFactory getParameter
INFO: Setting connTimeout to: 0
Feb 28, 2014 10:41:02 PM org.apache.solr.handler.component.HttpShardHandlerFactory getParameter
INFO: Setting maxConnectionsPerHost to: 20
Feb 28, 2014 10:41:02 PM org.apache.solr.handler.component.HttpShardHandlerFactory getParameter
INFO: Setting corePoolSize to: 0
Feb 28, 2014 10:41:02 PM org.apache.solr.handler.component.HttpShardHandlerFactory getParameter
INFO: Setting maximumPoolSize to: 2147483647
Feb 28, 2014 10:41:02 PM org.apache.solr.handler.component.HttpShardHandlerFactory getParameter
INFO: Setting maxThreadIdleTime to: 5
Feb 28, 2014 10:41:02 PM org.apache.solr.handler.component.HttpShardHandlerFactory getParameter
INFO: Setting sizeOfQueue to: -1
Feb 28, 2014 10:41:02 PM org.apache.solr.handler.component.HttpShardHandlerFactory getParameter
INFO: Setting fairnessPolicy to: false
Feb 28, 2014 10:41:02 PM org.apache.solr.client.solrj.impl.HttpClientUtil createClient
INFO: Creating new http client, config:maxConnectionsPerHost=20&maxConnections=10000&socketTimeout=0&connTimeout=0&retry=false
Feb 28, 2014 10:41:02 PM org.apache.solr.core.CoreContainer register
INFO: registering core: blacklight-core
Feb 28, 2014 10:41:02 PM org.apache.solr.core.SolrCore registerSearcher
INFO: [blacklight-core] Registered new searcher Searcher@294c3c66 main{StandardDirectoryReader(segments_lwq:82544 _lt6(4.0.0.2):C8936/2951 _o7b(4.0.0.2):C1648 _nl3(4.0.0.2):C1144 _oc1(4.0.0.2):C154 _oc2(4.0.0.2):C1 _oc3(4.0.0.2):C1 _oc4(4.0.0.2):C1 _oc5(4.0.0.2):C1 _oc6(4.0.0.2):C1 _oc7(4.0.0.2):C1 _oc8(4.0.0.2):C1)}
Feb 28, 2014 10:41:02 PM org.apache.solr.servlet.SolrDispatchFilter init
INFO: user.dir=/home/dario/prototipo/busca/jetty
Feb 28, 2014 10:41:02 PM org.apache.solr.servlet.SolrDispatchFilter init
INFO: SolrDispatchFilter.init() done
2014-02-28 22:41:02.298:INFO:oejs.AbstractConnector:Started SocketConnector@0.0.0.0:8983
2014-02-28 22:41:11.050:INFO:oejs.Server:Graceful shutdown SocketConnector@0.0.0.0:8983
2014-02-28 22:41:11.050:INFO:oejs.Server:Graceful shutdown o.e.j.w.WebAppContext{/solr,file:/home/dario/prototipo/busca/jetty/solr-webapp/webapp/},/home/dario/prototipo/busca/jetty/webapps/solr.war
2014-02-28 22:41:12.064:INFO:oejsh.ContextHandler:stopped o.e.j.w.WebAppContext{/solr,file:/home/dario/prototipo/busca/jetty/solr-webapp/webapp/},/home/dario/prototipo/busca/jetty/webapps/solr.war
